{"C:\\dev\\ezlog\\lib\\Ezlog.js":{"path":"C:\\dev\\ezlog\\lib\\Ezlog.js","s":{"1":1,"2":1,"3":4,"4":4,"5":1,"6":4,"7":1,"8":4,"9":3,"10":4,"11":3,"12":4,"13":4,"14":5,"15":6,"16":1},"b":{"1":[4,1],"2":[1,3],"3":[1,3],"4":[3,1],"5":[3,1],"6":[1,5]},"f":{"1":4,"2":5},"fnMap":{"1":{"name":"Ezlog","line":10,"loc":{"start":{"line":10,"column":0},"end":{"line":10,"column":17}}},"2":{"name":"Ezlog","line":21,"loc":{"start":{"line":21,"column":8},"end":{"line":21,"column":24}}}},"statementMap":{"1":{"start":{"line":1,"column":0},"end":{"line":1,"column":35}},"2":{"start":{"line":10,"column":0},"end":{"line":34,"column":1}},"3":{"start":{"line":11,"column":1},"end":{"line":11,"column":13}},"4":{"start":{"line":13,"column":1},"end":{"line":13,"column":34}},"5":{"start":{"line":13,"column":27},"end":{"line":13,"column":34}},"6":{"start":{"line":14,"column":1},"end":{"line":14,"column":31}},"7":{"start":{"line":14,"column":24},"end":{"line":14,"column":31}},"8":{"start":{"line":16,"column":1},"end":{"line":16,"column":58}},"9":{"start":{"line":16,"column":13},"end":{"line":16,"column":58}},"10":{"start":{"line":17,"column":1},"end":{"line":17,"column":51}},"11":{"start":{"line":17,"column":13},"end":{"line":17,"column":51}},"12":{"start":{"line":19,"column":1},"end":{"line":19,"column":59}},"13":{"start":{"line":21,"column":1},"end":{"line":32,"column":3}},"14":{"start":{"line":23,"column":2},"end":{"line":30,"column":5}},"15":{"start":{"line":24,"column":3},"end":{"line":30,"column":5}},"16":{"start":{"line":36,"column":0},"end":{"line":36,"column":23}}},"branchMap":{"1":{"line":11,"type":"binary-expr","locations":[{"start":{"line":11,"column":5},"end":{"line":11,"column":6}},{"start":{"line":11,"column":10},"end":{"line":11,"column":12}}]},"2":{"line":13,"type":"if","locations":[{"start":{"line":13,"column":1},"end":{"line":13,"column":1}},{"start":{"line":13,"column":1},"end":{"line":13,"column":1}}]},"3":{"line":14,"type":"if","locations":[{"start":{"line":14,"column":1},"end":{"line":14,"column":1}},{"start":{"line":14,"column":1},"end":{"line":14,"column":1}}]},"4":{"line":16,"type":"if","locations":[{"start":{"line":16,"column":1},"end":{"line":16,"column":1}},{"start":{"line":16,"column":1},"end":{"line":16,"column":1}}]},"5":{"line":17,"type":"if","locations":[{"start":{"line":17,"column":1},"end":{"line":17,"column":1}},{"start":{"line":17,"column":1},"end":{"line":17,"column":1}}]},"6":{"line":27,"type":"cond-expr","locations":[{"start":{"line":27,"column":36},"end":{"line":27,"column":57}},{"start":{"line":27,"column":60},"end":{"line":27,"column":65}}]}}}}