{"C:\\dev\\ezlog\\index.js":{"path":"C:\\dev\\ezlog\\index.js","s":{"1":1},"b":{},"f":{},"fnMap":{},"statementMap":{"1":{"start":{"line":1,"column":0},"end":{"line":1,"column":43}}},"branchMap":{}},"C:\\dev\\ezlog\\lib\\ezlog.js":{"path":"C:\\dev\\ezlog\\lib\\ezlog.js","s":{"1":1,"2":1,"3":1,"4":1,"5":0,"6":1,"7":0,"8":1,"9":1,"10":2,"11":3,"12":1},"b":{"1":[1,0],"2":[0,1],"3":[0,1],"4":[1,2]},"f":{"1":1,"2":2},"fnMap":{"1":{"name":"Ezlog","line":10,"loc":{"start":{"line":10,"column":0},"end":{"line":10,"column":17}}},"2":{"name":"ezlog","line":18,"loc":{"start":{"line":18,"column":8},"end":{"line":18,"column":24}}}},"statementMap":{"1":{"start":{"line":1,"column":0},"end":{"line":1,"column":35}},"2":{"start":{"line":10,"column":0},"end":{"line":31,"column":1}},"3":{"start":{"line":11,"column":1},"end":{"line":11,"column":13}},"4":{"start":{"line":13,"column":1},"end":{"line":13,"column":51}},"5":{"start":{"line":13,"column":13},"end":{"line":13,"column":51}},"6":{"start":{"line":14,"column":1},"end":{"line":14,"column":51}},"7":{"start":{"line":14,"column":13},"end":{"line":14,"column":51}},"8":{"start":{"line":16,"column":1},"end":{"line":16,"column":59}},"9":{"start":{"line":18,"column":1},"end":{"line":29,"column":3}},"10":{"start":{"line":20,"column":2},"end":{"line":27,"column":5}},"11":{"start":{"line":21,"column":3},"end":{"line":27,"column":5}},"12":{"start":{"line":33,"column":0},"end":{"line":33,"column":23}}},"branchMap":{"1":{"line":11,"type":"binary-expr","locations":[{"start":{"line":11,"column":5},"end":{"line":11,"column":6}},{"start":{"line":11,"column":10},"end":{"line":11,"column":12}}]},"2":{"line":13,"type":"if","locations":[{"start":{"line":13,"column":1},"end":{"line":13,"column":1}},{"start":{"line":13,"column":1},"end":{"line":13,"column":1}}]},"3":{"line":14,"type":"if","locations":[{"start":{"line":14,"column":1},"end":{"line":14,"column":1}},{"start":{"line":14,"column":1},"end":{"line":14,"column":1}}]},"4":{"line":24,"type":"cond-expr","locations":[{"start":{"line":24,"column":36},"end":{"line":24,"column":57}},{"start":{"line":24,"column":60},"end":{"line":24,"column":65}}]}}}}